# JRE version: OpenJDK Runtime Environment (8.0_242-b01) (build 1.8.0_242-release-1644-b01)
# Java VM: OpenJDK 64-Bit Server VM (25.242-b01 mixed mode windows-amd64 compressed oops)
Heap:
 PSYoungGen      total 663552K, used 46039K [0x00000000d5580000, 0x00000000ffc80000, 0x0000000100000000)
  eden space 633856K, 5% used [0x00000000d5580000,0x00000000d792b6b8,0x00000000fc080000)
  from space 29696K, 32% used [0x00000000fdf80000,0x00000000fe8ca910,0x00000000ffc80000)
  to   space 30720K, 0% used [0x00000000fc080000,0x00000000fc080000,0x00000000fde80000)
 ParOldGen       total 136192K, used 49826K [0x0000000080000000, 0x0000000088500000, 0x00000000d5580000)
  object space 136192K, 36% used [0x0000000080000000,0x00000000830a8860,0x0000000088500000)
 Metaspace       used 99582K, capacity 108212K, committed 108504K, reserved 1142784K
  class space    used 12847K, capacity 14226K, committed 14336K, reserved 1048576K
GC Heap History (10 events):
Event: 12690.917 GC heap before
{Heap before GC invocations=31 (full 6):
 PSYoungGen      total 664064K, used 466534K [0x00000000d5580000, 0x0000000100000000, 0x0000000100000000)
  eden space 627712K, 71% used [0x00000000d5580000,0x00000000f0d776d0,0x00000000fba80000)
  from space 36352K, 44% used [0x00000000fdc80000,0x00000000fec224f8,0x0000000100000000)
  to   space 34816K, 0% used [0x00000000fba80000,0x00000000fba80000,0x00000000fdc80000)
 ParOldGen       total 136192K, used 43070K [0x0000000080000000, 0x0000000088500000, 0x00000000d5580000)
  object space 136192K, 31% used [0x0000000080000000,0x0000000082a0f958,0x0000000088500000)
 Metaspace       used 98783K, capacity 106946K, committed 108248K, reserved 1142784K
  class space    used 12767K, capacity 14081K, committed 14336K, reserved 1048576K
Event: 12690.936 GC heap after
Heap after GC invocations=31 (full 6):
 PSYoungGen      total 662528K, used 9595K [0x00000000d5580000, 0x0000000100000000, 0x0000000100000000)
  eden space 627712K, 0% used [0x00000000d5580000,0x00000000d5580000,0x00000000fba80000)
  from space 34816K, 27% used [0x00000000fba80000,0x00000000fc3deea0,0x00000000fdc80000)
  to   space 33792K, 0% used [0x00000000fdf00000,0x00000000fdf00000,0x0000000100000000)
 ParOldGen       total 136192K, used 43078K [0x0000000080000000, 0x0000000088500000, 0x00000000d5580000)
  object space 136192K, 31% used [0x0000000080000000,0x0000000082a11958,0x0000000088500000)
 Metaspace       used 98783K, capacity 106946K, committed 108248K, reserved 1142784K
  class space    used 12767K, capacity 14081K, committed 14336K, reserved 1048576K
}
Event: 12690.936 GC heap before
{Heap before GC invocations=32 (full 7):
 PSYoungGen      total 662528K, used 9595K [0x00000000d5580000, 0x0000000100000000, 0x0000000100000000)
  eden space 627712K, 0% used [0x00000000d5580000,0x00000000d5580000,0x00000000fba80000)
  from space 34816K, 27% used [0x00000000fba80000,0x00000000fc3deea0,0x00000000fdc80000)
  to   space 33792K, 0% used [0x00000000fdf00000,0x00000000fdf00000,0x0000000100000000)
 ParOldGen       total 136192K, used 43078K [0x0000000080000000, 0x0000000088500000, 0x00000000d5580000)
  object space 136192K, 31% used [0x0000000080000000,0x0000000082a11958,0x0000000088500000)
 Metaspace       used 98783K, capacity 106946K, committed 108248K, reserved 1142784K
  class space    used 12767K, capacity 14081K, committed 14336K, reserved 1048576K
Event: 12692.311 GC heap after
Heap after GC invocations=32 (full 7):
 PSYoungGen      total 662528K, used 0K [0x00000000d5580000, 0x0000000100000000, 0x0000000100000000)
  eden space 627712K, 0% used [0x00000000d5580000,0x00000000d5580000,0x00000000fba80000)
  from space 34816K, 0% used [0x00000000fba80000,0x00000000fba80000,0x00000000fdc80000)
  to   space 33792K, 0% used [0x00000000fdf00000,0x00000000fdf00000,0x0000000100000000)
 ParOldGen       total 136192K, used 49802K [0x0000000080000000, 0x0000000088500000, 0x00000000d5580000)
  object space 136192K, 36% used [0x0000000080000000,0x00000000830a2860,0x0000000088500000)
 Metaspace       used 98632K, capacity 106664K, committed 108248K, reserved 1142784K
  class space    used 12742K, capacity 14034K, committed 14336K, reserved 1048576K
}
Event: 13048.156 GC heap before
{Heap before GC invocations=33 (full 7):
 PSYoungGen      total 662528K, used 627712K [0x00000000d5580000, 0x0000000100000000, 0x0000000100000000)
  eden space 627712K, 100% used [0x00000000d5580000,0x00000000fba80000,0x00000000fba80000)
  from space 34816K, 0% used [0x00000000fba80000,0x00000000fba80000,0x00000000fdc80000)
  to   space 33792K, 0% used [0x00000000fdf00000,0x00000000fdf00000,0x0000000100000000)
 ParOldGen       total 136192K, used 49802K [0x0000000080000000, 0x0000000088500000, 0x00000000d5580000)
  object space 136192K, 36% used [0x0000000080000000,0x00000000830a2860,0x0000000088500000)
 Metaspace       used 99171K, capacity 107752K, committed 108248K, reserved 1142784K
  class space    used 12829K, capacity 14194K, committed 14336K, reserved 1048576K
Event: 13048.164 GC heap after
Heap after GC invocations=33 (full 7):
 PSYoungGen      total 662016K, used 3725K [0x00000000d5580000, 0x00000000ffe00000, 0x0000000100000000)
  eden space 630272K, 0% used [0x00000000d5580000,0x00000000d5580000,0x00000000fbd00000)
  from space 31744K, 11% used [0x00000000fdf00000,0x00000000fe2a37d0,0x00000000ffe00000)
  to   space 33280K, 0% used [0x00000000fbd00000,0x00000000fbd00000,0x00000000fdd80000)
 ParOldGen       total 136192K, used 49810K [0x0000000080000000, 0x0000000088500000, 0x00000000d5580000)
  object space 136192K, 36% used [0x0000000080000000,0x00000000830a4860,0x0000000088500000)
 Metaspace       used 99171K, capacity 107752K, committed 108248K, reserved 1142784K
  class space    used 12829K, capacity 14194K, committed 14336K, reserved 1048576K
}
Event: 13152.721 GC heap before
{Heap before GC invocations=34 (full 7):
 PSYoungGen      total 662016K, used 633997K [0x00000000d5580000, 0x00000000ffe00000, 0x0000000100000000)
  eden space 630272K, 100% used [0x00000000d5580000,0x00000000fbd00000,0x00000000fbd00000)
  from space 31744K, 11% used [0x00000000fdf00000,0x00000000fe2a37d0,0x00000000ffe00000)
  to   space 33280K, 0% used [0x00000000fbd00000,0x00000000fbd00000,0x00000000fdd80000)
 ParOldGen       total 136192K, used 49810K [0x0000000080000000, 0x0000000088500000, 0x00000000d5580000)
  object space 136192K, 36% used [0x0000000080000000,0x00000000830a4860,0x0000000088500000)
 Metaspace       used 99450K, capacity 108066K, committed 108504K, reserved 1142784K
  class space    used 12846K, capacity 14225K, committed 14336K, reserved 1048576K
Event: 13152.732 GC heap after
Heap after GC invocations=34 (full 7):
 PSYoungGen      total 663552K, used 9210K [0x00000000d5580000, 0x00000000ffe80000, 0x0000000100000000)
  eden space 630272K, 0% used [0x00000000d5580000,0x00000000d5580000,0x00000000fbd00000)
  from space 33280K, 27% used [0x00000000fbd00000,0x00000000fc5fe938,0x00000000fdd80000)
  to   space 31744K, 0% used [0x00000000fdf80000,0x00000000fdf80000,0x00000000ffe80000)
 ParOldGen       total 136192K, used 49818K [0x0000000080000000, 0x0000000088500000, 0x00000000d5580000)
  object space 136192K, 36% used [0x0000000080000000,0x00000000830a6860,0x0000000088500000)
 Metaspace       used 99450K, capacity 108066K, committed 108504K, reserved 1142784K
  class space    used 12846K, capacity 14225K, committed 14336K, reserved 1048576K
}
Event: 13862.930 GC heap before
{Heap before GC invocations=35 (full 7):
 PSYoungGen      total 663552K, used 639482K [0x00000000d5580000, 0x00000000ffe80000, 0x0000000100000000)
  eden space 630272K, 100% used [0x00000000d5580000,0x00000000fbd00000,0x00000000fbd00000)
  from space 33280K, 27% used [0x00000000fbd00000,0x00000000fc5fe938,0x00000000fdd80000)
  to   space 31744K, 0% used [0x00000000fdf80000,0x00000000fdf80000,0x00000000ffe80000)
 ParOldGen       total 136192K, used 49818K [0x0000000080000000, 0x0000000088500000, 0x00000000d5580000)
  object space 136192K, 36% used [0x0000000080000000,0x00000000830a6860,0x0000000088500000)
 Metaspace       used 99579K, capacity 108212K, committed 108504K, reserved 1142784K
  class space    used 12847K, capacity 14226K, committed 14336K, reserved 1048576K
Event: 13862.949 GC heap after
Heap after GC invocations=35 (full 7):
 PSYoungGen      total 663552K, used 9514K [0x00000000d5580000, 0x00000000ffc80000, 0x0000000100000000)
  eden space 633856K, 0% used [0x00000000d5580000,0x00000000d5580000,0x00000000fc080000)
  from space 29696K, 32% used [0x00000000fdf80000,0x00000000fe8ca910,0x00000000ffc80000)
  to   space 30720K, 0% used [0x00000000fc080000,0x00000000fc080000,0x00000000fde80000)
 ParOldGen       total 136192K, used 49826K [0x0000000080000000, 0x0000000088500000, 0x00000000d5580000)
  object space 136192K, 36% used [0x0000000080000000,0x00000000830a8860,0x0000000088500000)
 Metaspace       used 99579K, capacity 108212K, committed 108504K, reserved 1142784K
  class space    used 12847K, capacity 14226K, committed 14336K, reserved 1048576K
}

