# JRE version: OpenJDK Runtime Environment (8.0_242-b01) (build 1.8.0_242-release-1644-b01)
# Java VM: OpenJDK 64-Bit Server VM (25.242-b01 mixed mode windows-amd64 compressed oops)
Heap:
 PSYoungGen      total 276480K, used 243580K [0x00000000d5580000, 0x00000000f0d80000, 0x0000000100000000)
  eden space 260096K, 93% used [0x00000000d5580000,0x00000000e435f140,0x00000000e5380000)
  from space 16384K, 0% used [0x00000000e5380000,0x00000000e5380000,0x00000000e6380000)
  to   space 15872K, 0% used [0x00000000efe00000,0x00000000efe00000,0x00000000f0d80000)
 ParOldGen       total 78336K, used 15286K [0x0000000080000000, 0x0000000084c80000, 0x00000000d5580000)
  object space 78336K, 19% used [0x0000000080000000,0x0000000080eedb58,0x0000000084c80000)
 Metaspace       used 44402K, capacity 46274K, committed 46680K, reserved 1089536K
  class space    used 6019K, capacity 6417K, committed 6528K, reserved 1048576K
GC Heap History (10 events):
Event: 4.301 GC heap before
{Heap before GC invocations=5 (full 0):
 PSYoungGen      total 138240K, used 8911K [0x00000000d5580000, 0x00000000de180000, 0x0000000100000000)
  eden space 133120K, 2% used [0x00000000d5580000,0x00000000d5936c60,0x00000000dd780000)
  from space 5120K, 99% used [0x00000000ddc80000,0x00000000de17d040,0x00000000de180000)
  to   space 5120K, 0% used [0x00000000dd780000,0x00000000dd780000,0x00000000ddc80000)
 ParOldGen       total 87552K, used 10788K [0x0000000080000000, 0x0000000085580000, 0x00000000d5580000)
  object space 87552K, 12% used [0x0000000080000000,0x0000000080a89148,0x0000000085580000)
 Metaspace       used 20495K, capacity 21204K, committed 21248K, reserved 1067008K
  class space    used 2859K, capacity 3048K, committed 3072K, reserved 1048576K
Event: 4.309 GC heap after
Heap after GC invocations=5 (full 0):
 PSYoungGen      total 138240K, used 5092K [0x00000000d5580000, 0x00000000e7380000, 0x0000000100000000)
  eden space 133120K, 0% used [0x00000000d5580000,0x00000000d5580000,0x00000000dd780000)
  from space 5120K, 99% used [0x00000000dd780000,0x00000000ddc79050,0x00000000ddc80000)
  to   space 13312K, 0% used [0x00000000e6680000,0x00000000e6680000,0x00000000e7380000)
 ParOldGen       total 87552K, used 10919K [0x0000000080000000, 0x0000000085580000, 0x00000000d5580000)
  object space 87552K, 12% used [0x0000000080000000,0x0000000080aa9dc0,0x0000000085580000)
 Metaspace       used 20495K, capacity 21204K, committed 21248K, reserved 1067008K
  class space    used 2859K, capacity 3048K, committed 3072K, reserved 1048576K
}
Event: 4.309 GC heap before
{Heap before GC invocations=6 (full 1):
 PSYoungGen      total 138240K, used 5092K [0x00000000d5580000, 0x00000000e7380000, 0x0000000100000000)
  eden space 133120K, 0% used [0x00000000d5580000,0x00000000d5580000,0x00000000dd780000)
  from space 5120K, 99% used [0x00000000dd780000,0x00000000ddc79050,0x00000000ddc80000)
  to   space 13312K, 0% used [0x00000000e6680000,0x00000000e6680000,0x00000000e7380000)
 ParOldGen       total 87552K, used 10919K [0x0000000080000000, 0x0000000085580000, 0x00000000d5580000)
  object space 87552K, 12% used [0x0000000080000000,0x0000000080aa9dc0,0x0000000085580000)
 Metaspace       used 20495K, capacity 21204K, committed 21248K, reserved 1067008K
  class space    used 2859K, capacity 3048K, committed 3072K, reserved 1048576K
Event: 4.357 GC heap after
Heap after GC invocations=6 (full 1):
 PSYoungGen      total 138240K, used 0K [0x00000000d5580000, 0x00000000e7380000, 0x0000000100000000)
  eden space 133120K, 0% used [0x00000000d5580000,0x00000000d5580000,0x00000000dd780000)
  from space 5120K, 0% used [0x00000000dd780000,0x00000000dd780000,0x00000000ddc80000)
  to   space 13312K, 0% used [0x00000000e6680000,0x00000000e6680000,0x00000000e7380000)
 ParOldGen       total 54272K, used 6687K [0x0000000080000000, 0x0000000083500000, 0x00000000d5580000)
  object space 54272K, 12% used [0x0000000080000000,0x0000000080687d58,0x0000000083500000)
 Metaspace       used 20495K, capacity 21204K, committed 21248K, reserved 1067008K
  class space    used 2859K, capacity 3048K, committed 3072K, reserved 1048576K
}
Event: 6.717 GC heap before
{Heap before GC invocations=7 (full 1):
 PSYoungGen      total 138240K, used 133120K [0x00000000d5580000, 0x00000000e7380000, 0x0000000100000000)
  eden space 133120K, 100% used [0x00000000d5580000,0x00000000dd780000,0x00000000dd780000)
  from space 5120K, 0% used [0x00000000dd780000,0x00000000dd780000,0x00000000ddc80000)
  to   space 13312K, 0% used [0x00000000e6680000,0x00000000e6680000,0x00000000e7380000)
 ParOldGen       total 54272K, used 6687K [0x0000000080000000, 0x0000000083500000, 0x00000000d5580000)
  object space 54272K, 12% used [0x0000000080000000,0x0000000080687d58,0x0000000083500000)
 Metaspace       used 32705K, capacity 33718K, committed 33920K, reserved 1079296K
  class space    used 4457K, capacity 4723K, committed 4736K, reserved 1048576K
Event: 6.741 GC heap after
Heap after GC invocations=7 (full 1):
 PSYoungGen      total 250368K, used 13287K [0x00000000d5580000, 0x00000000e7380000, 0x0000000100000000)
  eden space 237056K, 0% used [0x00000000d5580000,0x00000000d5580000,0x00000000e3d00000)
  from space 13312K, 99% used [0x00000000e6680000,0x00000000e7379ec8,0x00000000e7380000)
  to   space 16384K, 0% used [0x00000000e5380000,0x00000000e5380000,0x00000000e6380000)
 ParOldGen       total 54272K, used 7817K [0x0000000080000000, 0x0000000083500000, 0x00000000d5580000)
  object space 54272K, 14% used [0x0000000080000000,0x00000000807a2508,0x0000000083500000)
 Metaspace       used 32705K, capacity 33718K, committed 33920K, reserved 1079296K
  class space    used 4457K, capacity 4723K, committed 4736K, reserved 1048576K
}
Event: 7.283 GC heap before
{Heap before GC invocations=8 (full 1):
 PSYoungGen      total 250368K, used 50669K [0x00000000d5580000, 0x00000000e7380000, 0x0000000100000000)
  eden space 237056K, 15% used [0x00000000d5580000,0x00000000d7a01858,0x00000000e3d00000)
  from space 13312K, 99% used [0x00000000e6680000,0x00000000e7379ec8,0x00000000e7380000)
  to   space 16384K, 0% used [0x00000000e5380000,0x00000000e5380000,0x00000000e6380000)
 ParOldGen       total 54272K, used 7817K [0x0000000080000000, 0x0000000083500000, 0x00000000d5580000)
  object space 54272K, 14% used [0x0000000080000000,0x00000000807a2508,0x0000000083500000)
 Metaspace       used 34243K, capacity 35392K, committed 35416K, reserved 1079296K
  class space    used 4711K, capacity 4973K, committed 4992K, reserved 1048576K
Event: 7.299 GC heap after
Heap after GC invocations=8 (full 1):
 PSYoungGen      total 276480K, used 8855K [0x00000000d5580000, 0x00000000f0d80000, 0x0000000100000000)
  eden space 260096K, 0% used [0x00000000d5580000,0x00000000d5580000,0x00000000e5380000)
  from space 16384K, 54% used [0x00000000e5380000,0x00000000e5c25ec8,0x00000000e6380000)
  to   space 15872K, 0% used [0x00000000efe00000,0x00000000efe00000,0x00000000f0d80000)
 ParOldGen       total 54272K, used 7825K [0x0000000080000000, 0x0000000083500000, 0x00000000d5580000)
  object space 54272K, 14% used [0x0000000080000000,0x00000000807a4508,0x0000000083500000)
 Metaspace       used 34243K, capacity 35392K, committed 35416K, reserved 1079296K
  class space    used 4711K, capacity 4973K, committed 4992K, reserved 1048576K
}
Event: 7.299 GC heap before
{Heap before GC invocations=9 (full 2):
 PSYoungGen      total 276480K, used 8855K [0x00000000d5580000, 0x00000000f0d80000, 0x0000000100000000)
  eden space 260096K, 0% used [0x00000000d5580000,0x00000000d5580000,0x00000000e5380000)
  from space 16384K, 54% used [0x00000000e5380000,0x00000000e5c25ec8,0x00000000e6380000)
  to   space 15872K, 0% used [0x00000000efe00000,0x00000000efe00000,0x00000000f0d80000)
 ParOldGen       total 54272K, used 7825K [0x0000000080000000, 0x0000000083500000, 0x00000000d5580000)
  object space 54272K, 14% used [0x0000000080000000,0x00000000807a4508,0x0000000083500000)
 Metaspace       used 34243K, capacity 35392K, committed 35416K, reserved 1079296K
  class space    used 4711K, capacity 4973K, committed 4992K, reserved 1048576K
Event: 7.413 GC heap after
Heap after GC invocations=9 (full 2):
 PSYoungGen      total 276480K, used 0K [0x00000000d5580000, 0x00000000f0d80000, 0x0000000100000000)
  eden space 260096K, 0% used [0x00000000d5580000,0x00000000d5580000,0x00000000e5380000)
  from space 16384K, 0% used [0x00000000e5380000,0x00000000e5380000,0x00000000e6380000)
  to   space 15872K, 0% used [0x00000000efe00000,0x00000000efe00000,0x00000000f0d80000)
 ParOldGen       total 78336K, used 15286K [0x0000000080000000, 0x0000000084c80000, 0x00000000d5580000)
  object space 78336K, 19% used [0x0000000080000000,0x0000000080eedb58,0x0000000084c80000)
 Metaspace       used 34243K, capacity 35392K, committed 35416K, reserved 1079296K
  class space    used 4711K, capacity 4973K, committed 4992K, reserved 1048576K
}

